00:00:00.006453 main     VirtualBox COM Server 7.0.14 r161095 win.amd64 (Jan 15 2024 14:59:30) release log
00:00:00.006460 main     Log opened 2024-03-12T05:51:25.694830000Z
00:00:00.006461 main     Build Type: release
00:00:00.006479 main     OS Product: Windows 10
00:00:00.006481 main     OS Release: 10.0.19045
00:00:00.006485 main     OS Service Pack: 
00:00:00.046684 main     DMI Product Name: Satellite E45t-A
00:00:00.069066 main     DMI Product Version: PSUB2U-00K00PB
00:00:00.069090 main     Firmware type: UEFI
00:00:00.069990 main     Secure Boot: VERR_PRIVILEGE_NOT_HELD
00:00:00.070062 main     Host RAM: 6057MB (5.9GB) total, 1509MB available
00:00:00.070070 main     Executable: G:\VBoxSVC.exe
00:00:00.070071 main     Process ID: 3276
00:00:00.070076 main     Package type: WINDOWS_64BITS_GENERIC
00:00:00.384976          VirtualBox: object creation starts
00:00:00.386411          Home directory: 'C:\Users\raulm\.VirtualBox'
00:00:00.387023          Installed Drivers:
00:00:00.407291            C:\WINDOWS\system32\DRIVERS\VBoxNetAdp6.sys (Version: 7.0.14.11095)
00:00:00.425946            C:\WINDOWS\system32\DRIVERS\VBoxNetLwf.sys (Version: 7.0.14.11095)
00:00:00.431690            C:\WINDOWS\system32\DRIVERS\VBoxUSBMon.sys (Version: 7.0.14.11095)
00:00:00.435556            C:\WINDOWS\system32\DRIVERS\VBoxSup.sys (Version: 7.0.14.11095)
00:00:00.479557          Loading settings file "C:\Users\raulm\.VirtualBox\VirtualBox.xml" with version "1.12-windows"
00:00:00.502217          usbLibGetDevices: Starting USB device enumeration
00:00:00.503168          Getting USB descriptor (id 0) failed (dwErr=31) on hub USB#VID_8087&PID_8000#5&e60acfd&1&1#{f18a0e88-c30c-11d0-8815-00a0c906bed8} port 5
00:00:00.506568          Getting USB descriptor (id 0) failed (dwErr=31) on hub USB#VID_8087&PID_8000#5&e60acfd&1&1#{f18a0e88-c30c-11d0-8815-00a0c906bed8} port 8
00:00:00.515361          usbLibGetDevices: Found 4 USB devices, 0 captured
00:00:00.518289          USB: Unknown USB device detected (idVendor: 0x0458, idProduct: 0x0186)
00:00:00.520091          USB: Unknown USB device detected (idVendor: 0x04ca, idProduct: 0x7017)
00:00:00.520728          USB: Unknown USB device detected (idVendor: 0x8087, idProduct: 0x07dc)
00:00:00.955737          HostDnsMonitor: initializing
00:00:00.978482          HostDnsMonitor: updating information
00:00:00.979074          HostDnsMonitor: old information
00:00:00.979076            no server entries
00:00:00.979077            no domain set
00:00:00.979078            no search string entries
00:00:00.979079          HostDnsMonitor: new information
00:00:00.979080            server 1: 200.73.96.146
00:00:00.979081            server 2: 190.104.12.42
00:00:00.979083            no domain set
00:00:00.979083            no search string entries
00:00:01.237309          VD: VDInit finished with VINF_SUCCESS
00:00:01.257548          VirtualBox: object created
00:00:01.481381          Saving settings file "C:\Users\raulm\.VirtualBox\VirtualBox.xml" with version "1.12-windows"
00:00:01.500446          Finished saving settings file "C:\Users\raulm\.VirtualBox\VirtualBox.xml"
00:00:01.500727          Saving settings file "C:\Users\raulm\.VirtualBox\VirtualBox.xml" with version "1.12-windows"
00:00:01.508816          Finished saving settings file "C:\Users\raulm\.VirtualBox\VirtualBox.xml"
00:00:01.509092          Saving settings file "C:\Users\raulm\.VirtualBox\VirtualBox.xml" with version "1.12-windows"
00:00:01.521641          Finished saving settings file "C:\Users\raulm\.VirtualBox\VirtualBox.xml"
00:19:13.792302 dns-monitor HostDnsMonitor: updating information
00:19:13.792345 dns-monitor HostDnsMonitor: unchanged
00:46:20.186849 main     VirtualBox: object deletion starts
00:46:20.194241 main     HostDnsMonitor: shutting down ...
00:46:20.194448 main     HostDnsMonitor: shut down
00:46:20.199360 Watcher  ERROR [COM]: aRC=E_ACCESSDENIED (0x80070005) aIID={7682d5eb-f00e-44f1-8ca2-99d08b1cd607} aComponent={VirtualBoxWrap} aText={The object is not ready}, preserve=false aResultDetail=0
00:46:20.202765 main     VirtualBox: object deleted
